examples/flutter/example_trace/build/app/intermediates/manifest_merge_blame_file/release/processReleaseMainManifest/manifest-merger-blame-release-report.txt
1<?xml version="1.0" encoding="utf-8"?>
2<manifest xmlns:android="http://schemas.android.com/apk/res/android"
3    package="com.example.verygoodcore.example"
4    android:versionCode="1"
5    android:versionName="0.1.0" >
6
7    <uses-sdk
8        android:minSdkVersion="21"
9        android:targetSdkVersion="35" />
10
11    <uses-permission android:name="android.permission.ACCESS_FINE_LOCATION" />
11-->src/main/AndroidManifest.xml:2:5-79
11-->src/main/AndroidManifest.xml:2:22-76
12    <uses-permission android:name="android.permission.ACCESS_COARSE_LOCATION" />
12-->src/main/AndroidManifest.xml:3:5-81
12-->src/main/AndroidManifest.xml:3:22-78
13    <uses-permission android:name="android.permission.ACCESS_BACKGROUND_LOCATION" />
13-->src/main/AndroidManifest.xml:4:5-85
13-->src/main/AndroidManifest.xml:4:22-82
14    <uses-permission android:name="android.permission.FOREGROUND_SERVICE" />
14-->src/main/AndroidManifest.xml:5:5-77
14-->src/main/AndroidManifest.xml:5:22-74
15
16    <permission
16-->[androidx.core:core:1.13.1] AndroidManifest.xml:22:5-24:47
17        android:name="com.example.verygoodcore.example.DYNAMIC_RECEIVER_NOT_EXPORTED_PERMISSION"
17-->[androidx.core:core:1.13.1] AndroidManifest.xml:23:9-81
18        android:protectionLevel="signature" />
18-->[androidx.core:core:1.13.1] AndroidManifest.xml:24:9-44
19
20    <uses-permission android:name="com.example.verygoodcore.example.DYNAMIC_RECEIVER_NOT_EXPORTED_PERMISSION" />
20-->[androidx.core:core:1.13.1] AndroidManifest.xml:26:5-97
20-->[androidx.core:core:1.13.1] AndroidManifest.xml:26:22-94
21
22    <application
23        android:name="android.app.Application"
23-->src/main/AndroidManifest.xml:9:9-42
24        android:appComponentFactory="androidx.core.app.CoreComponentFactory"
24-->[androidx.core:core:1.13.1] AndroidManifest.xml:28:18-86
25        android:extractNativeLibs="true"
26        android:icon="@mipmap/ic_launcher"
26-->src/main/AndroidManifest.xml:10:9-43
27        android:label="example" >
27-->src/main/AndroidManifest.xml:8:9-32
28        <activity
28-->src/main/AndroidManifest.xml:11:9-31:20
29            android:name="com.example.verygoodcore.example.MainActivity"
29-->src/main/AndroidManifest.xml:12:13-41
30            android:configChanges="orientation|keyboardHidden|keyboard|screenSize|smallestScreenSize|locale|layoutDirection|fontScale|screenLayout|density|uiMode"
30-->src/main/AndroidManifest.xml:16:13-163
31            android:exported="true"
31-->src/main/AndroidManifest.xml:13:13-36
32            android:hardwareAccelerated="true"
32-->src/main/AndroidManifest.xml:17:13-47
33            android:launchMode="singleTop"
33-->src/main/AndroidManifest.xml:14:13-43
34            android:theme="@style/LaunchTheme"
34-->src/main/AndroidManifest.xml:15:13-47
35            android:windowSoftInputMode="adjustResize" >
35-->src/main/AndroidManifest.xml:18:13-55
36
37            <!--
38                 Specifies an Android theme to apply to this Activity as soon as
39                 the Android process has started. This theme is visible to the user
40                 while the Flutter UI initializes. After that, this theme continues
41                 to determine the Window background behind the Flutter UI.
42            -->
43            <meta-data
43-->src/main/AndroidManifest.xml:23:13-26:17
44                android:name="io.flutter.embedding.android.NormalTheme"
44-->src/main/AndroidManifest.xml:24:15-70
45                android:resource="@style/NormalTheme" />
45-->src/main/AndroidManifest.xml:25:15-52
46
47            <intent-filter>
47-->src/main/AndroidManifest.xml:27:13-30:29
48                <action android:name="android.intent.action.MAIN" />
48-->src/main/AndroidManifest.xml:28:17-68
48-->src/main/AndroidManifest.xml:28:25-66
49
50                <category android:name="android.intent.category.LAUNCHER" />
50-->src/main/AndroidManifest.xml:29:17-76
50-->src/main/AndroidManifest.xml:29:27-74
51            </intent-filter>
52        </activity>
53        <!--
54             Don't delete the meta-data below.
55             This is used by the Flutter tool to generate GeneratedPluginRegistrant.java
56        -->
57        <meta-data
57-->src/main/AndroidManifest.xml:34:9-36:33
58            android:name="flutterEmbedding"
58-->src/main/AndroidManifest.xml:35:13-44
59            android:value="2" />
59-->src/main/AndroidManifest.xml:36:13-30
60
61        <service
61-->[:track_you_core_android] AndroidManifest.xml:13:9-17:56
62            android:name="com.example.verygoodcore.TrackYouCorePlugin$LocationService"
62-->[:track_you_core_android] AndroidManifest.xml:14:13-87
63            android:enabled="true"
63-->[:track_you_core_android] AndroidManifest.xml:15:13-35
64            android:exported="false"
64-->[:track_you_core_android] AndroidManifest.xml:16:13-37
65            android:foregroundServiceType="location" />
65-->[:track_you_core_android] AndroidManifest.xml:17:13-53
66
67        <uses-library
67-->[androidx.window:window:1.2.0] AndroidManifest.xml:23:9-25:40
68            android:name="androidx.window.extensions"
68-->[androidx.window:window:1.2.0] AndroidManifest.xml:24:13-54
69            android:required="false" />
69-->[androidx.window:window:1.2.0] AndroidManifest.xml:25:13-37
70        <uses-library
70-->[androidx.window:window:1.2.0] AndroidManifest.xml:26:9-28:40
71            android:name="androidx.window.sidecar"
71-->[androidx.window:window:1.2.0] AndroidManifest.xml:27:13-51
72            android:required="false" />
72-->[androidx.window:window:1.2.0] AndroidManifest.xml:28:13-37
73
74        <provider
74-->[androidx.lifecycle:lifecycle-process:2.7.0] AndroidManifest.xml:24:9-32:20
75            android:name="androidx.startup.InitializationProvider"
75-->[androidx.lifecycle:lifecycle-process:2.7.0] AndroidManifest.xml:25:13-67
76            android:authorities="com.example.verygoodcore.example.androidx-startup"
76-->[androidx.lifecycle:lifecycle-process:2.7.0] AndroidManifest.xml:26:13-68
77            android:exported="false" >
77-->[androidx.lifecycle:lifecycle-process:2.7.0] AndroidManifest.xml:27:13-37
78            <meta-data
78-->[androidx.lifecycle:lifecycle-process:2.7.0] AndroidManifest.xml:29:13-31:52
79                android:name="androidx.lifecycle.ProcessLifecycleInitializer"
79-->[androidx.lifecycle:lifecycle-process:2.7.0] AndroidManifest.xml:30:17-78
80                android:value="androidx.startup" />
80-->[androidx.lifecycle:lifecycle-process:2.7.0] AndroidManifest.xml:31:17-49
81            <meta-data
81-->[androidx.profileinstaller:profileinstaller:1.3.1] AndroidManifest.xml:29:13-31:52
82                android:name="androidx.profileinstaller.ProfileInstallerInitializer"
82-->[androidx.profileinstaller:profileinstaller:1.3.1] AndroidManifest.xml:30:17-85
83                android:value="androidx.startup" />
83-->[androidx.profileinstaller:profileinstaller:1.3.1] AndroidManifest.xml:31:17-49
84        </provider>
85
86        <receiver
86-->[androidx.profileinstaller:profileinstaller:1.3.1] AndroidManifest.xml:34:9-52:20
87            android:name="androidx.profileinstaller.ProfileInstallReceiver"
87-->[androidx.profileinstaller:profileinstaller:1.3.1] AndroidManifest.xml:35:13-76
88            android:directBootAware="false"
88-->[androidx.profileinstaller:profileinstaller:1.3.1] AndroidManifest.xml:36:13-44
89            android:enabled="true"
89-->[androidx.profileinstaller:profileinstaller:1.3.1] AndroidManifest.xml:37:13-35
90            android:exported="true"
90-->[androidx.profileinstaller:profileinstaller:1.3.1] AndroidManifest.xml:38:13-36
91            android:permission="android.permission.DUMP" >
91-->[androidx.profileinstaller:profileinstaller:1.3.1] AndroidManifest.xml:39:13-57
92            <intent-filter>
92-->[androidx.profileinstaller:profileinstaller:1.3.1] AndroidManifest.xml:40:13-42:29
93                <action android:name="androidx.profileinstaller.action.INSTALL_PROFILE" />
93-->[androidx.profileinstaller:profileinstaller:1.3.1] AndroidManifest.xml:41:17-91
93-->[androidx.profileinstaller:profileinstaller:1.3.1] AndroidManifest.xml:41:25-88
94            </intent-filter>
95            <intent-filter>
95-->[androidx.profileinstaller:profileinstaller:1.3.1] AndroidManifest.xml:43:13-45:29
96                <action android:name="androidx.profileinstaller.action.SKIP_FILE" />
96-->[androidx.profileinstaller:profileinstaller:1.3.1] AndroidManifest.xml:44:17-85
96-->[androidx.profileinstaller:profileinstaller:1.3.1] AndroidManifest.xml:44:25-82
97            </intent-filter>
98            <intent-filter>
98-->[androidx.profileinstaller:profileinstaller:1.3.1] AndroidManifest.xml:46:13-48:29
99                <action android:name="androidx.profileinstaller.action.SAVE_PROFILE" />
99-->[androidx.profileinstaller:profileinstaller:1.3.1] AndroidManifest.xml:47:17-88
99-->[androidx.profileinstaller:profileinstaller:1.3.1] AndroidManifest.xml:47:25-85
100            </intent-filter>
101            <intent-filter>
101-->[androidx.profileinstaller:profileinstaller:1.3.1] AndroidManifest.xml:49:13-51:29
102                <action android:name="androidx.profileinstaller.action.BENCHMARK_OPERATION" />
102-->[androidx.profileinstaller:profileinstaller:1.3.1] AndroidManifest.xml:50:17-95
102-->[androidx.profileinstaller:profileinstaller:1.3.1] AndroidManifest.xml:50:25-92
103            </intent-filter>
104        </receiver>
105    </application>
106
107</manifest>